Determining if the pthread_create exist failed with the following output:
Change Dir: /home/aj/hdd1/clion/PRISM/cmake-build-debug/CMakeFiles/CMakeTmp

Run Build Command:"/usr/bin/make" "cmTC_2ffa4/fast"
/usr/bin/make -f CMakeFiles/cmTC_2ffa4.dir/build.make CMakeFiles/cmTC_2ffa4.dir/build
make[1]: Entering directory '/mnt/spareA/clion/PRISM/cmake-build-debug/CMakeFiles/CMakeTmp'
Building C object CMakeFiles/cmTC_2ffa4.dir/CheckSymbolExists.c.o
/usr/bin/cc    -fPIC    -o CMakeFiles/cmTC_2ffa4.dir/CheckSymbolExists.c.o   -c /home/aj/hdd1/clion/PRISM/cmake-build-debug/CMakeFiles/CMakeTmp/CheckSymbolExists.c
Linking C executable cmTC_2ffa4
/home/aj/clion-2016.3.2/bin/cmake/bin/cmake -E cmake_link_script CMakeFiles/cmTC_2ffa4.dir/link.txt --verbose=1
/usr/bin/cc  -fPIC     CMakeFiles/cmTC_2ffa4.dir/CheckSymbolExists.c.o  -o cmTC_2ffa4 
CMakeFiles/cmTC_2ffa4.dir/CheckSymbolExists.c.o: In function `main':
CheckSymbolExists.c:(.text+0x1b): undefined reference to `pthread_create'
collect2: error: ld returned 1 exit status
CMakeFiles/cmTC_2ffa4.dir/build.make:97: recipe for target 'cmTC_2ffa4' failed
make[1]: *** [cmTC_2ffa4] Error 1
make[1]: Leaving directory '/mnt/spareA/clion/PRISM/cmake-build-debug/CMakeFiles/CMakeTmp'
Makefile:126: recipe for target 'cmTC_2ffa4/fast' failed
make: *** [cmTC_2ffa4/fast] Error 2

File /home/aj/hdd1/clion/PRISM/cmake-build-debug/CMakeFiles/CMakeTmp/CheckSymbolExists.c:
/* */
#include <pthread.h>

int main(int argc, char** argv)
{
  (void)argv;
#ifndef pthread_create
  return ((int*)(&pthread_create))[argc];
#else
  (void)argc;
  return 0;
#endif
}

Determining if the function pthread_create exists in the pthreads failed with the following output:
Change Dir: /home/aj/hdd1/clion/PRISM/cmake-build-debug/CMakeFiles/CMakeTmp

Run Build Command:"/usr/bin/make" "cmTC_168c1/fast"
/usr/bin/make -f CMakeFiles/cmTC_168c1.dir/build.make CMakeFiles/cmTC_168c1.dir/build
make[1]: Entering directory '/mnt/spareA/clion/PRISM/cmake-build-debug/CMakeFiles/CMakeTmp'
Building C object CMakeFiles/cmTC_168c1.dir/CheckFunctionExists.c.o
/usr/bin/cc    -fPIC -DCHECK_FUNCTION_EXISTS=pthread_create   -o CMakeFiles/cmTC_168c1.dir/CheckFunctionExists.c.o   -c /home/aj/clion-2016.3.2/bin/cmake/share/cmake-3.6/Modules/CheckFunctionExists.c
Linking C executable cmTC_168c1
/home/aj/clion-2016.3.2/bin/cmake/bin/cmake -E cmake_link_script CMakeFiles/cmTC_168c1.dir/link.txt --verbose=1
/usr/bin/cc  -fPIC -DCHECK_FUNCTION_EXISTS=pthread_create    CMakeFiles/cmTC_168c1.dir/CheckFunctionExists.c.o  -o cmTC_168c1 -lpthreads 
/usr/bin/ld: cannot find -lpthreads
collect2: error: ld returned 1 exit status
CMakeFiles/cmTC_168c1.dir/build.make:97: recipe for target 'cmTC_168c1' failed
make[1]: *** [cmTC_168c1] Error 1
make[1]: Leaving directory '/mnt/spareA/clion/PRISM/cmake-build-debug/CMakeFiles/CMakeTmp'
Makefile:126: recipe for target 'cmTC_168c1/fast' failed
make: *** [cmTC_168c1/fast] Error 2


