Determining if the pthread_create exist failed with the following output:
Change Dir: /home/aj/hdd1/clion/PRISM/build_threads/CMakeFiles/CMakeTmp

Run Build Command:"/usr/bin/make" "cmTC_464f9/fast"
/usr/bin/make -f CMakeFiles/cmTC_464f9.dir/build.make CMakeFiles/cmTC_464f9.dir/build
make[1]: Entering directory '/mnt/spareA/clion/PRISM/build_threads/CMakeFiles/CMakeTmp'
Building C object CMakeFiles/cmTC_464f9.dir/CheckSymbolExists.c.o
/usr/bin/cc     -o CMakeFiles/cmTC_464f9.dir/CheckSymbolExists.c.o   -c /home/aj/hdd1/clion/PRISM/build_threads/CMakeFiles/CMakeTmp/CheckSymbolExists.c
Linking C executable cmTC_464f9
/usr/local/bin/cmake -E cmake_link_script CMakeFiles/cmTC_464f9.dir/link.txt --verbose=1
/usr/bin/cc       CMakeFiles/cmTC_464f9.dir/CheckSymbolExists.c.o  -o cmTC_464f9 
CMakeFiles/cmTC_464f9.dir/CheckSymbolExists.c.o: In function `main':
CheckSymbolExists.c:(.text+0x16): undefined reference to `pthread_create'
collect2: error: ld returned 1 exit status
CMakeFiles/cmTC_464f9.dir/build.make:97: recipe for target 'cmTC_464f9' failed
make[1]: *** [cmTC_464f9] Error 1
make[1]: Leaving directory '/mnt/spareA/clion/PRISM/build_threads/CMakeFiles/CMakeTmp'
Makefile:126: recipe for target 'cmTC_464f9/fast' failed
make: *** [cmTC_464f9/fast] Error 2

File /home/aj/hdd1/clion/PRISM/build_threads/CMakeFiles/CMakeTmp/CheckSymbolExists.c:
/* */
#include <pthread.h>

int main(int argc, char** argv)
{
  (void)argv;
#ifndef pthread_create
  return ((int*)(&pthread_create))[argc];
#else
  (void)argc;
  return 0;
#endif
}

Determining if the function pthread_create exists in the pthreads failed with the following output:
Change Dir: /home/aj/hdd1/clion/PRISM/build_threads/CMakeFiles/CMakeTmp

Run Build Command:"/usr/bin/make" "cmTC_52ee9/fast"
/usr/bin/make -f CMakeFiles/cmTC_52ee9.dir/build.make CMakeFiles/cmTC_52ee9.dir/build
make[1]: Entering directory '/mnt/spareA/clion/PRISM/build_threads/CMakeFiles/CMakeTmp'
Building C object CMakeFiles/cmTC_52ee9.dir/CheckFunctionExists.c.o
/usr/bin/cc    -DCHECK_FUNCTION_EXISTS=pthread_create   -o CMakeFiles/cmTC_52ee9.dir/CheckFunctionExists.c.o   -c /usr/local/share/cmake-3.7/Modules/CheckFunctionExists.c
Linking C executable cmTC_52ee9
/usr/local/bin/cmake -E cmake_link_script CMakeFiles/cmTC_52ee9.dir/link.txt --verbose=1
/usr/bin/cc   -DCHECK_FUNCTION_EXISTS=pthread_create    CMakeFiles/cmTC_52ee9.dir/CheckFunctionExists.c.o  -o cmTC_52ee9 -lpthreads 
/usr/bin/ld: cannot find -lpthreads
collect2: error: ld returned 1 exit status
CMakeFiles/cmTC_52ee9.dir/build.make:97: recipe for target 'cmTC_52ee9' failed
make[1]: *** [cmTC_52ee9] Error 1
make[1]: Leaving directory '/mnt/spareA/clion/PRISM/build_threads/CMakeFiles/CMakeTmp'
Makefile:126: recipe for target 'cmTC_52ee9/fast' failed
make: *** [cmTC_52ee9/fast] Error 2


