Determining if the pthread_create exist failed with the following output:
Change Dir: /home/aj/hdd1/clion/PRISM/b/CMakeFiles/CMakeTmp

Run Build Command:"/usr/bin/make" "cmTC_bea2e/fast"
/usr/bin/make -f CMakeFiles/cmTC_bea2e.dir/build.make CMakeFiles/cmTC_bea2e.dir/build
make[1]: Entering directory '/mnt/spareA/clion/PRISM/b/CMakeFiles/CMakeTmp'
Building C object CMakeFiles/cmTC_bea2e.dir/CheckSymbolExists.c.o
/usr/bin/cc     -o CMakeFiles/cmTC_bea2e.dir/CheckSymbolExists.c.o   -c /home/aj/hdd1/clion/PRISM/b/CMakeFiles/CMakeTmp/CheckSymbolExists.c
Linking C executable cmTC_bea2e
/usr/local/bin/cmake -E cmake_link_script CMakeFiles/cmTC_bea2e.dir/link.txt --verbose=1
/usr/bin/cc       CMakeFiles/cmTC_bea2e.dir/CheckSymbolExists.c.o  -o cmTC_bea2e 
CMakeFiles/cmTC_bea2e.dir/CheckSymbolExists.c.o: In function `main':
CheckSymbolExists.c:(.text+0x16): undefined reference to `pthread_create'
collect2: error: ld returned 1 exit status
CMakeFiles/cmTC_bea2e.dir/build.make:97: recipe for target 'cmTC_bea2e' failed
make[1]: *** [cmTC_bea2e] Error 1
make[1]: Leaving directory '/mnt/spareA/clion/PRISM/b/CMakeFiles/CMakeTmp'
Makefile:126: recipe for target 'cmTC_bea2e/fast' failed
make: *** [cmTC_bea2e/fast] Error 2

File /home/aj/hdd1/clion/PRISM/b/CMakeFiles/CMakeTmp/CheckSymbolExists.c:
/* */
#include <pthread.h>

int main(int argc, char** argv)
{
  (void)argv;
#ifndef pthread_create
  return ((int*)(&pthread_create))[argc];
#else
  (void)argc;
  return 0;
#endif
}

Determining if the function pthread_create exists in the pthreads failed with the following output:
Change Dir: /home/aj/hdd1/clion/PRISM/b/CMakeFiles/CMakeTmp

Run Build Command:"/usr/bin/make" "cmTC_7e30a/fast"
/usr/bin/make -f CMakeFiles/cmTC_7e30a.dir/build.make CMakeFiles/cmTC_7e30a.dir/build
make[1]: Entering directory '/mnt/spareA/clion/PRISM/b/CMakeFiles/CMakeTmp'
Building C object CMakeFiles/cmTC_7e30a.dir/CheckFunctionExists.c.o
/usr/bin/cc    -DCHECK_FUNCTION_EXISTS=pthread_create   -o CMakeFiles/cmTC_7e30a.dir/CheckFunctionExists.c.o   -c /usr/local/share/cmake-3.7/Modules/CheckFunctionExists.c
Linking C executable cmTC_7e30a
/usr/local/bin/cmake -E cmake_link_script CMakeFiles/cmTC_7e30a.dir/link.txt --verbose=1
/usr/bin/cc   -DCHECK_FUNCTION_EXISTS=pthread_create    CMakeFiles/cmTC_7e30a.dir/CheckFunctionExists.c.o  -o cmTC_7e30a -lpthreads 
/usr/bin/ld: cannot find -lpthreads
collect2: error: ld returned 1 exit status
CMakeFiles/cmTC_7e30a.dir/build.make:97: recipe for target 'cmTC_7e30a' failed
make[1]: *** [cmTC_7e30a] Error 1
make[1]: Leaving directory '/mnt/spareA/clion/PRISM/b/CMakeFiles/CMakeTmp'
Makefile:126: recipe for target 'cmTC_7e30a/fast' failed
make: *** [cmTC_7e30a/fast] Error 2


