Determining if the pthread_create exist failed with the following output:
Change Dir: /home/aj/hdd1/clion/PRISM/src/CMakeFiles/CMakeTmp

Run Build Command:"/usr/bin/make" "cmTC_3f69d/fast"
/usr/bin/make -f CMakeFiles/cmTC_3f69d.dir/build.make CMakeFiles/cmTC_3f69d.dir/build
make[1]: Entering directory '/mnt/spareA/clion/PRISM/src/CMakeFiles/CMakeTmp'
Building C object CMakeFiles/cmTC_3f69d.dir/CheckSymbolExists.c.o
/usr/bin/cc     -o CMakeFiles/cmTC_3f69d.dir/CheckSymbolExists.c.o   -c /home/aj/hdd1/clion/PRISM/src/CMakeFiles/CMakeTmp/CheckSymbolExists.c
Linking C executable cmTC_3f69d
/usr/local/bin/cmake -E cmake_link_script CMakeFiles/cmTC_3f69d.dir/link.txt --verbose=1
/usr/bin/cc       CMakeFiles/cmTC_3f69d.dir/CheckSymbolExists.c.o  -o cmTC_3f69d 
CMakeFiles/cmTC_3f69d.dir/CheckSymbolExists.c.o: In function `main':
CheckSymbolExists.c:(.text+0x16): undefined reference to `pthread_create'
collect2: error: ld returned 1 exit status
CMakeFiles/cmTC_3f69d.dir/build.make:97: recipe for target 'cmTC_3f69d' failed
make[1]: *** [cmTC_3f69d] Error 1
make[1]: Leaving directory '/mnt/spareA/clion/PRISM/src/CMakeFiles/CMakeTmp'
Makefile:126: recipe for target 'cmTC_3f69d/fast' failed
make: *** [cmTC_3f69d/fast] Error 2

File /home/aj/hdd1/clion/PRISM/src/CMakeFiles/CMakeTmp/CheckSymbolExists.c:
/* */
#include <pthread.h>

int main(int argc, char** argv)
{
  (void)argv;
#ifndef pthread_create
  return ((int*)(&pthread_create))[argc];
#else
  (void)argc;
  return 0;
#endif
}

Determining if the function pthread_create exists in the pthreads failed with the following output:
Change Dir: /home/aj/hdd1/clion/PRISM/src/CMakeFiles/CMakeTmp

Run Build Command:"/usr/bin/make" "cmTC_6add5/fast"
/usr/bin/make -f CMakeFiles/cmTC_6add5.dir/build.make CMakeFiles/cmTC_6add5.dir/build
make[1]: Entering directory '/mnt/spareA/clion/PRISM/src/CMakeFiles/CMakeTmp'
Building C object CMakeFiles/cmTC_6add5.dir/CheckFunctionExists.c.o
/usr/bin/cc    -DCHECK_FUNCTION_EXISTS=pthread_create   -o CMakeFiles/cmTC_6add5.dir/CheckFunctionExists.c.o   -c /usr/local/share/cmake-3.7/Modules/CheckFunctionExists.c
Linking C executable cmTC_6add5
/usr/local/bin/cmake -E cmake_link_script CMakeFiles/cmTC_6add5.dir/link.txt --verbose=1
/usr/bin/cc   -DCHECK_FUNCTION_EXISTS=pthread_create    CMakeFiles/cmTC_6add5.dir/CheckFunctionExists.c.o  -o cmTC_6add5 -lpthreads 
/usr/bin/ld: cannot find -lpthreads
collect2: error: ld returned 1 exit status
CMakeFiles/cmTC_6add5.dir/build.make:97: recipe for target 'cmTC_6add5' failed
make[1]: *** [cmTC_6add5] Error 1
make[1]: Leaving directory '/mnt/spareA/clion/PRISM/src/CMakeFiles/CMakeTmp'
Makefile:126: recipe for target 'cmTC_6add5/fast' failed
make: *** [cmTC_6add5/fast] Error 2


