Determining if the pthread_create exist failed with the following output:
Change Dir: /home/aj/hdd1/clion/PRISM/tmp/CMakeFiles/CMakeTmp

Run Build Command:"/usr/bin/make" "cmTC_4ceec/fast"
/usr/bin/make -f CMakeFiles/cmTC_4ceec.dir/build.make CMakeFiles/cmTC_4ceec.dir/build
make[1]: Entering directory '/mnt/spareA/clion/PRISM/tmp/CMakeFiles/CMakeTmp'
Building C object CMakeFiles/cmTC_4ceec.dir/CheckSymbolExists.c.o
/usr/bin/cc    -fPIC    -o CMakeFiles/cmTC_4ceec.dir/CheckSymbolExists.c.o   -c /home/aj/hdd1/clion/PRISM/tmp/CMakeFiles/CMakeTmp/CheckSymbolExists.c
Linking C executable cmTC_4ceec
/usr/local/bin/cmake -E cmake_link_script CMakeFiles/cmTC_4ceec.dir/link.txt --verbose=1
/usr/bin/cc  -fPIC     CMakeFiles/cmTC_4ceec.dir/CheckSymbolExists.c.o  -o cmTC_4ceec 
CMakeFiles/cmTC_4ceec.dir/CheckSymbolExists.c.o: In function `main':
CheckSymbolExists.c:(.text+0x1b): undefined reference to `pthread_create'
collect2: error: ld returned 1 exit status
CMakeFiles/cmTC_4ceec.dir/build.make:97: recipe for target 'cmTC_4ceec' failed
make[1]: *** [cmTC_4ceec] Error 1
make[1]: Leaving directory '/mnt/spareA/clion/PRISM/tmp/CMakeFiles/CMakeTmp'
Makefile:126: recipe for target 'cmTC_4ceec/fast' failed
make: *** [cmTC_4ceec/fast] Error 2

File /home/aj/hdd1/clion/PRISM/tmp/CMakeFiles/CMakeTmp/CheckSymbolExists.c:
/* */
#include <pthread.h>

int main(int argc, char** argv)
{
  (void)argv;
#ifndef pthread_create
  return ((int*)(&pthread_create))[argc];
#else
  (void)argc;
  return 0;
#endif
}

Determining if the function pthread_create exists in the pthreads failed with the following output:
Change Dir: /home/aj/hdd1/clion/PRISM/tmp/CMakeFiles/CMakeTmp

Run Build Command:"/usr/bin/make" "cmTC_97b1f/fast"
/usr/bin/make -f CMakeFiles/cmTC_97b1f.dir/build.make CMakeFiles/cmTC_97b1f.dir/build
make[1]: Entering directory '/mnt/spareA/clion/PRISM/tmp/CMakeFiles/CMakeTmp'
Building C object CMakeFiles/cmTC_97b1f.dir/CheckFunctionExists.c.o
/usr/bin/cc    -fPIC -DCHECK_FUNCTION_EXISTS=pthread_create   -o CMakeFiles/cmTC_97b1f.dir/CheckFunctionExists.c.o   -c /usr/local/share/cmake-3.7/Modules/CheckFunctionExists.c
Linking C executable cmTC_97b1f
/usr/local/bin/cmake -E cmake_link_script CMakeFiles/cmTC_97b1f.dir/link.txt --verbose=1
/usr/bin/cc  -fPIC -DCHECK_FUNCTION_EXISTS=pthread_create    CMakeFiles/cmTC_97b1f.dir/CheckFunctionExists.c.o  -o cmTC_97b1f -lpthreads 
/usr/bin/ld: cannot find -lpthreads
collect2: error: ld returned 1 exit status
CMakeFiles/cmTC_97b1f.dir/build.make:97: recipe for target 'cmTC_97b1f' failed
make[1]: *** [cmTC_97b1f] Error 1
make[1]: Leaving directory '/mnt/spareA/clion/PRISM/tmp/CMakeFiles/CMakeTmp'
Makefile:126: recipe for target 'cmTC_97b1f/fast' failed
make: *** [cmTC_97b1f/fast] Error 2


